Copyright 1986-2018 Xilinx, Inc. All Rights Reserved.
------------------------------------------------------------------------------------------------------
| Tool Version : Vivado v.2018.3 (win64) Build 2405991 Thu Dec  6 23:38:27 MST 2018
| Date         : Wed Apr 19 17:00:28 2023
| Host         : DVANOFFICE-071 running 64-bit major release  (build 9200)
| Command      : report_control_sets -verbose -file BlockDesignArtyS7_wrapper_control_sets_placed.rpt
| Design       : BlockDesignArtyS7_wrapper
| Device       : xc7s50
------------------------------------------------------------------------------------------------------

Control Set Information

Table of Contents
-----------------
1. Summary
2. Histogram
3. Flip-Flop Distribution
4. Detailed Control Set Information

1. Summary
----------

+----------------------------------------------------------+-------+
|                          Status                          | Count |
+----------------------------------------------------------+-------+
| Number of unique control sets                            |    82 |
| Unused register locations in slices containing registers |   220 |
+----------------------------------------------------------+-------+


2. Histogram
------------

+--------+--------------+
| Fanout | Control Sets |
+--------+--------------+
|      1 |            9 |
|      2 |            3 |
|      3 |            1 |
|      4 |            8 |
|      5 |            3 |
|      6 |            6 |
|      7 |            1 |
|      8 |           12 |
|     10 |            3 |
|     11 |            1 |
|     13 |            1 |
|     15 |            1 |
|    16+ |           33 |
+--------+--------------+


3. Flip-Flop Distribution
-------------------------

+--------------+-----------------------+------------------------+-----------------+--------------+
| Clock Enable | Synchronous Set/Reset | Asynchronous Set/Reset | Total Registers | Total Slices |
+--------------+-----------------------+------------------------+-----------------+--------------+
| No           | No                    | No                     |             267 |           78 |
| No           | No                    | Yes                    |              61 |           13 |
| No           | Yes                   | No                     |             315 |          116 |
| Yes          | No                    | No                     |             287 |           79 |
| Yes          | No                    | Yes                    |              47 |           17 |
| Yes          | Yes                   | No                     |             739 |          215 |
+--------------+-----------------------+------------------------+-----------------+--------------+


4. Detailed Control Set Information
-----------------------------------

+-------------------------------------------------------------------------+---------------------------------------------------------------------------------------------------------------------------------------------------------------------------------------------------------------------+---------------------------------------------------------------------------------------------------------------------------------------------------------+------------------+----------------+
|                               Clock Signal                              |                                                                                                    Enable Signal                                                                                                    |                                                                     Set/Reset Signal                                                                    | Slice Load Count | Bel Load Count |
+-------------------------------------------------------------------------+---------------------------------------------------------------------------------------------------------------------------------------------------------------------------------------------------------------------+---------------------------------------------------------------------------------------------------------------------------------------------------------+------------------+----------------+
|  BlockDesignArtyS7_i/clk_wiz_1/inst/clk_out1                            |                                                                                                                                                                                                                     | BlockDesignArtyS7_i/microblaze_0/U0/MicroBlaze_Core_I/Performance.Core/Use_Debug_Logic.Master_Core.Debug_Perf/capture_1                                 |                1 |              1 |
|  BlockDesignArtyS7_i/clk_wiz_1/inst/clk_out1                            | BlockDesignArtyS7_i/microblaze_0/U0/MicroBlaze_Core_I/Performance.Core/Decode_I/Use_MuxCy[3].OF_Piperun_Stage/MUXCY_I/Using_FPGA.Native_0                                                                           |                                                                                                                                                         |                1 |              1 |
|  BlockDesignArtyS7_i/mdm_0/U0/No_Dbg_Reg_Access.BUFG_DRCK/Ext_JTAG_DRCK | BlockDesignArtyS7_i/mdm_0/U0/Use_E2.BSCAN_I/Use_BSCAN.PORT_Selector_reg[0]                                                                                                                                          | BlockDesignArtyS7_i/mdm_0/U0/MDM_Core_I1/JTAG_CONTROL_I/sel_with_scan_reset19_out                                                                       |                1 |              1 |
| ~BlockDesignArtyS7_i/mdm_0/U0/Dbg_Update_0                              |                                                                                                                                                                                                                     | BlockDesignArtyS7_i/mdm_0/U0/MDM_Core_I1/JTAG_CONTROL_I/sel_n                                                                                           |                1 |              1 |
| ~BlockDesignArtyS7_i/mdm_0/U0/No_Dbg_Reg_Access.BUFG_DRCK/Ext_JTAG_DRCK | BlockDesignArtyS7_i/mdm_0/U0/MDM_Core_I1/JTAG_CONTROL_I/Use_BSCAN.FDC_I/CE                                                                                                                                          | BlockDesignArtyS7_i/mdm_0/U0/MDM_Core_I1/JTAG_CONTROL_I/Use_BSCAN.FDC_I/D_1                                                                             |                1 |              1 |
|  BlockDesignArtyS7_i/mdm_0/U0/Dbg_Update_0                              | BlockDesignArtyS7_i/microblaze_0/U0/MicroBlaze_Core_I/Performance.Core/Use_Debug_Logic.Master_Core.Debug_Perf/Control_Reg_En                                                                                        | BlockDesignArtyS7_i/microblaze_0/U0/MicroBlaze_Core_I/Performance.Core/Use_Debug_Logic.Master_Core.Debug_Perf/start_single_step_reg_n_0                 |                1 |              1 |
|  BlockDesignArtyS7_i/mdm_0/U0/Dbg_Update_0                              | BlockDesignArtyS7_i/microblaze_0/U0/MicroBlaze_Core_I/Performance.Core/Use_Debug_Logic.Master_Core.Debug_Perf/Control_Reg_En                                                                                        | BlockDesignArtyS7_i/microblaze_0/U0/MicroBlaze_Core_I/Performance.Core/Use_Debug_Logic.Master_Core.Debug_Perf/Serial_Dbg_Intf.normal_stop_cmd_i_reg_n_0 |                1 |              1 |
|  BlockDesignArtyS7_i/mdm_0/U0/Dbg_Update_0                              | BlockDesignArtyS7_i/microblaze_0/U0/MicroBlaze_Core_I/Performance.Core/Use_Debug_Logic.Master_Core.Debug_Perf/Control_Reg_En                                                                                        | BlockDesignArtyS7_i/microblaze_0/U0/MicroBlaze_Core_I/Performance.Core/Use_Debug_Logic.Master_Core.Debug_Perf/Serial_Dbg_Intf.continue_from_brk_reg_n_0 |                1 |              1 |
|  BlockDesignArtyS7_i/mdm_0/U0/Dbg_Update_0                              | BlockDesignArtyS7_i/microblaze_0/U0/MicroBlaze_Core_I/Performance.Core/Use_Debug_Logic.Master_Core.Debug_Perf/Control_Reg_En                                                                                        | BlockDesignArtyS7_i/microblaze_0/U0/MicroBlaze_Core_I/Performance.Core/Use_Debug_Logic.Master_Core.Debug_Perf/Serial_Dbg_Intf.force_stop_cmd_i_reg_0    |                1 |              1 |
|  BlockDesignArtyS7_i/clk_wiz_1/inst/clk_out1                            | BlockDesignArtyS7_i/microblaze_0/U0/MicroBlaze_Core_I/Performance.Core/Decode_I/Use_MuxCy[11].OF_Piperun_Stage/MUXCY_I/of_pause_reg                                                                                 |                                                                                                                                                         |                1 |              2 |
|  BlockDesignArtyS7_i/mdm_0/U0/Dbg_Update_0                              | BlockDesignArtyS7_i/microblaze_0/U0/MicroBlaze_Core_I/Performance.Core/Use_Debug_Logic.Master_Core.Debug_Perf/Command_Reg_En                                                                                        | BlockDesignArtyS7_i/microblaze_0/U0/MicroBlaze_Core_I/Performance.Core/Use_Debug_Logic.Master_Core.Debug_Perf/command_reg_clear                         |                1 |              2 |
|  BlockDesignArtyS7_i/clk_wiz_1/inst/clk_out2                            |                                                                                                                                                                                                                     | BlockDesignArtyS7_i/PulseIP_0/U0/PulseIP_v1_0_S00_AXI_inst/PulseDetect_0/Pulse_Dly0_i_1_n_0                                                             |                1 |              2 |
|  BlockDesignArtyS7_i/mdm_0/U0/Dbg_Update_0                              |                                                                                                                                                                                                                     |                                                                                                                                                         |                1 |              3 |
|  BlockDesignArtyS7_i/clk_wiz_1/inst/clk_out1                            | BlockDesignArtyS7_i/axi_uartlite_0/U0/AXI_LITE_IPIF_I/I_SLAVE_ATTACHMENT/start2                                                                                                                                     | BlockDesignArtyS7_i/axi_uartlite_0/U0/AXI_LITE_IPIF_I/I_SLAVE_ATTACHMENT/I_DECODER/cs_ce_clr                                                            |                1 |              4 |
|  BlockDesignArtyS7_i/clk_wiz_1/inst/clk_out1                            | BlockDesignArtyS7_i/axi_uartlite_0/U0/UARTLITE_CORE_I/BAUD_RATE_I/p_2_out[0]                                                                                                                                        |                                                                                                                                                         |                1 |              4 |
|  BlockDesignArtyS7_i/mdm_0/U0/No_Dbg_Reg_Access.BUFG_DRCK/Ext_JTAG_DRCK | BlockDesignArtyS7_i/mdm_0/U0/MDM_Core_I1/p_3_out                                                                                                                                                                    | BlockDesignArtyS7_i/mdm_0/U0/Use_E2.BSCAN_I/AR[0]                                                                                                       |                1 |              4 |
| ~BlockDesignArtyS7_i/mdm_0/U0/Dbg_Update_0                              |                                                                                                                                                                                                                     | BlockDesignArtyS7_i/mdm_0/U0/Use_E2.BSCAN_I/AR[0]                                                                                                       |                1 |              4 |
|  BlockDesignArtyS7_i/clk_wiz_1/inst/clk_out1                            |                                                                                                                                                                                                                     | BlockDesignArtyS7_i/microblaze_0/U0/MicroBlaze_Core_I/Performance.Core/Decode_I/flush_pipe                                                              |                3 |              4 |
|  BlockDesignArtyS7_i/clk_wiz_1/inst/clk_out1                            |                                                                                                                                                                                                                     | BlockDesignArtyS7_i/microblaze_0_axi_intc/U0/AXI_LITE_IPIF_I/I_SLAVE_ATTACHMENT/clear                                                                   |                1 |              4 |
|  BlockDesignArtyS7_i/mdm_0/U0/Dbg_Update_0                              | BlockDesignArtyS7_i/mdm_0/U0/MDM_Core_I1/MDM_SEL                                                                                                                                                                    | BlockDesignArtyS7_i/mdm_0/U0/Use_E2.BSCAN_I/AR[0]                                                                                                       |                1 |              4 |
|  BlockDesignArtyS7_i/clk_wiz_1/inst/clk_out1                            |                                                                                                                                                                                                                     | BlockDesignArtyS7_i/rst_clk_wiz_1_100M/U0/bus_struct_reset[0]                                                                                           |                2 |              4 |
|  BlockDesignArtyS7_i/mdm_0/U0/Dbg_Update_0                              | BlockDesignArtyS7_i/microblaze_0/U0/MicroBlaze_Core_I/Performance.Core/Use_Debug_Logic.Master_Core.Debug_Perf/Control_Reg_En                                                                                        |                                                                                                                                                         |                1 |              5 |
|  BlockDesignArtyS7_i/clk_wiz_1/inst/clk_out1                            |                                                                                                                                                                                                                     | BlockDesignArtyS7_i/rst_clk_wiz_1_100M/U0/EXT_LPF/lpf_int                                                                                               |                2 |              5 |
|  BlockDesignArtyS7_i/clk_wiz_1/inst/clk_out1                            | BlockDesignArtyS7_i/microblaze_0/U0/MicroBlaze_Core_I/Performance.Core/Decode_I/wb_Halted                                                                                                                           | BlockDesignArtyS7_i/microblaze_0/U0/MicroBlaze_Core_I/sync_reset                                                                                        |                1 |              5 |
|  BlockDesignArtyS7_i/mdm_0/U0/No_Dbg_Reg_Access.BUFG_DRCK/Ext_JTAG_DRCK | BlockDesignArtyS7_i/mdm_0/U0/Use_E2.BSCAN_I/E[0]                                                                                                                                                                    |                                                                                                                                                         |                2 |              6 |
|  BlockDesignArtyS7_i/mdm_0/U0/No_Dbg_Reg_Access.BUFG_DRCK/Ext_JTAG_DRCK | BlockDesignArtyS7_i/mdm_0/U0/Use_E2.BSCAN_I/Use_BSCAN.command_reg[5][0]                                                                                                                                             |                                                                                                                                                         |                2 |              6 |
|  BlockDesignArtyS7_i/mdm_0/U0/No_Dbg_Reg_Access.BUFG_DRCK/Ext_JTAG_DRCK | BlockDesignArtyS7_i/mdm_0/U0/MDM_Core_I1/JTAG_CONTROL_I/Use_BSCAN.FDC_I/Use_BSCAN.command_reg[5][0]                                                                                                                 |                                                                                                                                                         |                1 |              6 |
|  BlockDesignArtyS7_i/clk_wiz_1/inst/clk_out1                            |                                                                                                                                                                                                                     | BlockDesignArtyS7_i/axi_uartlite_0/U0/UARTLITE_CORE_I/UARTLITE_RX_I/SRL_FIFO_I/I_SRL_FIFO_RBU_F/CNTR_INCR_DECR_ADDN_F_I/SS[0]                           |                2 |              6 |
|  BlockDesignArtyS7_i/clk_wiz_1/inst/clk_out1                            |                                                                                                                                                                                                                     | BlockDesignArtyS7_i/axi_uartlite_0/U0/UARTLITE_CORE_I/UARTLITE_TX_I/SRL_FIFO_I/I_SRL_FIFO_RBU_F/CNTR_INCR_DECR_ADDN_F_I/SS[0]                           |                2 |              6 |
|  BlockDesignArtyS7_i/clk_wiz_1/inst/clk_out1                            | BlockDesignArtyS7_i/rst_clk_wiz_1_100M/U0/SEQ/seq_cnt_en                                                                                                                                                            | BlockDesignArtyS7_i/rst_clk_wiz_1_100M/U0/SEQ/SEQ_COUNTER/clear                                                                                         |                1 |              6 |
|  BlockDesignArtyS7_i/clk_wiz_1/inst/clk_out1                            | BlockDesignArtyS7_i/axi_uartlite_0/U0/UARTLITE_CORE_I/BAUD_RATE_I/p_2_out[0]                                                                                                                                        | BlockDesignArtyS7_i/axi_uartlite_0/U0/UARTLITE_CORE_I/UARTLITE_RX_I/SERIAL_TO_PARALLEL[8].fifo_din[8]_i_1_n_0                                           |                2 |              7 |
|  BlockDesignArtyS7_i/clk_wiz_1/inst/clk_out1                            | BlockDesignArtyS7_i/microblaze_0_axi_intc/U0/AXI_LITE_IPIF_I/I_SLAVE_ATTACHMENT/bus2ip_addr_i[8]_i_1_n_0                                                                                                            | BlockDesignArtyS7_i/microblaze_0_axi_intc/U0/AXI_LITE_IPIF_I/I_SLAVE_ATTACHMENT/rst                                                                     |                3 |              8 |
| ~BlockDesignArtyS7_i/mdm_0/U0/Dbg_Update_0                              | BlockDesignArtyS7_i/mdm_0/U0/MDM_Core_I1/JTAG_CONTROL_I/Use_BSCAN.command[0]_i_1_n_0                                                                                                                                |                                                                                                                                                         |                2 |              8 |
|  BlockDesignArtyS7_i/mdm_0/U0/Dbg_Update_0                              | BlockDesignArtyS7_i/mdm_0/U0/MDM_Core_I1/JTAG_CONTROL_I/Use_BSCAN.FDC_I/Use_BSCAN.PORT_Selector_reg[2][0]                                                                                                           |                                                                                                                                                         |                1 |              8 |
|  BlockDesignArtyS7_i/mdm_0/U0/No_Dbg_Reg_Access.BUFG_DRCK/Ext_JTAG_DRCK | BlockDesignArtyS7_i/mdm_0/U0/MDM_Core_I1/JTAG_CONTROL_I/tdi_shifter0                                                                                                                                                |                                                                                                                                                         |                2 |              8 |
|  BlockDesignArtyS7_i/mdm_0/U0/No_Dbg_Reg_Access.BUFG_DRCK/Ext_JTAG_DRCK | BlockDesignArtyS7_i/microblaze_0/U0/MicroBlaze_Core_I/Performance.Core/Use_Debug_Logic.Master_Core.Debug_Perf/Using_PC_Breakpoints.All_PC_Brks[0].Serial_Interface_1.address_hit_I/Compare[0].SRLC16E_I/which_pc__0 |                                                                                                                                                         |                7 |              8 |
|  BlockDesignArtyS7_i/clk_wiz_1/inst/clk_out1                            | BlockDesignArtyS7_i/axi_uartlite_0/U0/AXI_LITE_IPIF_I/I_SLAVE_ATTACHMENT/I_DECODER/fifo_wr                                                                                                                          |                                                                                                                                                         |                1 |              8 |
|  BlockDesignArtyS7_i/clk_wiz_1/inst/clk_out1                            | BlockDesignArtyS7_i/axi_uartlite_0/U0/UARTLITE_CORE_I/UARTLITE_RX_I/SRL_FIFO_I/I_SRL_FIFO_RBU_F/DYNSHREG_F_I/fifo_wr                                                                                                |                                                                                                                                                         |                1 |              8 |
|  BlockDesignArtyS7_i/clk_wiz_1/inst/clk_out1                            | BlockDesignArtyS7_i/PulseIP_0/U0/PulseIP_v1_0_S00_AXI_inst/p_1_in[7]                                                                                                                                                | BlockDesignArtyS7_i/PulseIP_0/U0/PulseIP_v1_0_S00_AXI_inst/p_0_in                                                                                       |                1 |              8 |
|  BlockDesignArtyS7_i/clk_wiz_1/inst/clk_out1                            | BlockDesignArtyS7_i/PulseIP_0/U0/PulseIP_v1_0_S00_AXI_inst/p_1_in[15]                                                                                                                                               | BlockDesignArtyS7_i/PulseIP_0/U0/PulseIP_v1_0_S00_AXI_inst/p_0_in                                                                                       |                1 |              8 |
|  BlockDesignArtyS7_i/clk_wiz_1/inst/clk_out1                            | BlockDesignArtyS7_i/PulseIP_0/U0/PulseIP_v1_0_S00_AXI_inst/p_1_in[23]                                                                                                                                               | BlockDesignArtyS7_i/PulseIP_0/U0/PulseIP_v1_0_S00_AXI_inst/p_0_in                                                                                       |                1 |              8 |
|  BlockDesignArtyS7_i/clk_wiz_1/inst/clk_out1                            | BlockDesignArtyS7_i/axi_uartlite_0/U0/AXI_LITE_IPIF_I/I_SLAVE_ATTACHMENT/s_axi_rresp_i                                                                                                                              | BlockDesignArtyS7_i/axi_uartlite_0/U0/AXI_LITE_IPIF_I/I_SLAVE_ATTACHMENT/rst                                                                            |                2 |              8 |
|  BlockDesignArtyS7_i/clk_wiz_1/inst/clk_out1                            | BlockDesignArtyS7_i/PulseIP_0/U0/PulseIP_v1_0_S00_AXI_inst/p_1_in[31]                                                                                                                                               | BlockDesignArtyS7_i/PulseIP_0/U0/PulseIP_v1_0_S00_AXI_inst/p_0_in                                                                                       |                2 |              8 |
|  BlockDesignArtyS7_i/mdm_0/U0/No_Dbg_Reg_Access.BUFG_DRCK/Ext_JTAG_DRCK | BlockDesignArtyS7_i/mdm_0/U0/MDM_Core_I1/JTAG_CONTROL_I/Use_BSCAN.FDC_I/E[0]                                                                                                                                        |                                                                                                                                                         |                4 |             10 |
|  BlockDesignArtyS7_i/clk_wiz_1/inst/clk_out1                            |                                                                                                                                                                                                                     | BlockDesignArtyS7_i/PulseIP_0/U0/PulseIP_v1_0_S00_AXI_inst/p_0_in                                                                                       |                5 |             10 |
|  BlockDesignArtyS7_i/clk_wiz_1/inst/clk_out1                            |                                                                                                                                                                                                                     | BlockDesignArtyS7_i/axi_uartlite_0/U0/AXI_LITE_IPIF_I/I_SLAVE_ATTACHMENT/rst                                                                            |                4 |             10 |
|  BlockDesignArtyS7_i/clk_wiz_1/inst/clk_out1                            |                                                                                                                                                                                                                     | BlockDesignArtyS7_i/microblaze_0_axi_intc/U0/AXI_LITE_IPIF_I/I_SLAVE_ATTACHMENT/rst                                                                     |                5 |             11 |
|  BlockDesignArtyS7_i/clk_wiz_1/inst/clk_out1                            |                                                                                                                                                                                                                     | BlockDesignArtyS7_i/microblaze_0_axi_periph/xbar/inst/gen_sasd.crossbar_sasd_0/addr_arbiter_inst/SR[0]                                                  |                3 |             13 |
|  BlockDesignArtyS7_i/clk_wiz_1/inst/clk_out1                            | BlockDesignArtyS7_i/microblaze_0_axi_periph/xbar/inst/gen_sasd.crossbar_sasd_0/reg_slice_r/aa_rready                                                                                                                |                                                                                                                                                         |                6 |             15 |
|  BlockDesignArtyS7_i/clk_wiz_1/inst/clk_out1                            | BlockDesignArtyS7_i/microblaze_0/U0/MicroBlaze_Core_I/Performance.Core/Decode_I/PreFetch_Buffer_I1/Instruction_Prefetch_Mux[4].Gen_Instr_DFF/Using_FPGA.Native_33[0]                                                | BlockDesignArtyS7_i/microblaze_0/U0/MicroBlaze_Core_I/sync_reset                                                                                        |                6 |             16 |
|  BlockDesignArtyS7_i/clk_wiz_1/inst/clk_out1                            | BlockDesignArtyS7_i/microblaze_0_axi_intc/U0/AXI_LITE_IPIF_I/I_SLAVE_ATTACHMENT/start2                                                                                                                              | BlockDesignArtyS7_i/microblaze_0_axi_intc/U0/AXI_LITE_IPIF_I/I_SLAVE_ATTACHMENT/I_DECODER/cs_ce_clr                                                     |                4 |             19 |
|  BlockDesignArtyS7_i/clk_wiz_1/inst/clk_out1                            | BlockDesignArtyS7_i/microblaze_0/U0/MicroBlaze_Core_I/Performance.Core/Decode_I/mem_wait_on_ready_N_carry_or/MUXCY_I/lopt_1                                                                                         | BlockDesignArtyS7_i/microblaze_0/U0/MicroBlaze_Core_I/sync_reset                                                                                        |                8 |             21 |
|  BlockDesignArtyS7_i/mdm_0/U0/No_Dbg_Reg_Access.BUFG_DRCK/Ext_JTAG_DRCK |                                                                                                                                                                                                                     | BlockDesignArtyS7_i/mdm_0/U0/Use_E2.BSCAN_I/shift_n_reset1_out                                                                                          |                3 |             23 |
|  BlockDesignArtyS7_i/clk_wiz_1/inst/clk_out1                            | BlockDesignArtyS7_i/microblaze_0_axi_periph/xbar/inst/gen_sasd.crossbar_sasd_0/addr_arbiter_inst/p_0_in1_in                                                                                                         | BlockDesignArtyS7_i/microblaze_0_axi_periph/xbar/inst/gen_sasd.crossbar_sasd_0/addr_arbiter_inst/SR[0]                                                  |                6 |             23 |
|  BlockDesignArtyS7_i/clk_wiz_1/inst/clk_out1                            |                                                                                                                                                                                                                     | BlockDesignArtyS7_i/microblaze_0_axi_intc/U0/INTC_CORE_I/ACTIVE_LOW_PR_OUT_DFF[0].FDRE_PER_N                                                            |                5 |             23 |
|  BlockDesignArtyS7_i/clk_wiz_1/inst/clk_out1                            | BlockDesignArtyS7_i/axi_uartlite_0/U0/UARTLITE_CORE_I/BAUD_RATE_I/p_2_out[0]                                                                                                                                        | BlockDesignArtyS7_i/axi_uartlite_0/U0/UARTLITE_CORE_I/UARTLITE_RX_I/ACTIVE_LOW_PR_OUT_DFF[0].FDRE_PER_N                                                 |                6 |             28 |
|  BlockDesignArtyS7_i/clk_wiz_1/inst/clk_out1                            |                                                                                                                                                                                                                     | BlockDesignArtyS7_i/GPIOs_0/U0/LED3_Sig_i_2_n_0                                                                                                         |                6 |             30 |
|  BlockDesignArtyS7_i/clk_wiz_1/inst/clk_out1                            |                                                                                                                                                                                                                     | BlockDesignArtyS7_i/axi_uartlite_0/U0/UARTLITE_CORE_I/UARTLITE_RX_I/ACTIVE_LOW_PR_OUT_DFF[0].FDRE_PER_N                                                 |               11 |             31 |
|  BlockDesignArtyS7_i/clk_wiz_1/inst/clk_out1                            | BlockDesignArtyS7_i/microblaze_0/U0/MicroBlaze_Core_I/Performance.Core/Decode_I/mem_wait_on_ready_N_carry_or/MUXCY_I/lopt_1                                                                                         | BlockDesignArtyS7_i/microblaze_0/U0/MicroBlaze_Core_I/Performance.Core/Decode_I/SR[0]                                                                   |                6 |             32 |
|  BlockDesignArtyS7_i/clk_wiz_1/inst/clk_out1                            | BlockDesignArtyS7_i/microblaze_0/U0/MicroBlaze_Core_I/Performance.Core/Decode_I/Use_MuxCy[3].OF_Piperun_Stage/MUXCY_I/Using_FPGA.Native_0                                                                           | BlockDesignArtyS7_i/microblaze_0/U0/MicroBlaze_Core_I/Performance.Core/Decode_I/R                                                                       |               13 |             32 |
|  BlockDesignArtyS7_i/clk_wiz_1/inst/clk_out1                            | BlockDesignArtyS7_i/microblaze_0/U0/MicroBlaze_Core_I/Performance.Core/Decode_I/Use_MuxCy[3].OF_Piperun_Stage/MUXCY_I/wb_exception_i_reg_0[0]                                                                       | BlockDesignArtyS7_i/microblaze_0/U0/MicroBlaze_Core_I/sync_reset                                                                                        |                6 |             32 |
|  BlockDesignArtyS7_i/clk_wiz_1/inst/clk_out1                            | BlockDesignArtyS7_i/microblaze_0_axi_intc/U0/AXI_LITE_IPIF_I/I_SLAVE_ATTACHMENT/s_axi_rresp_i                                                                                                                       | BlockDesignArtyS7_i/microblaze_0_axi_intc/U0/AXI_LITE_IPIF_I/I_SLAVE_ATTACHMENT/rst                                                                     |                7 |             32 |
|  BlockDesignArtyS7_i/clk_wiz_1/inst/clk_out1                            | BlockDesignArtyS7_i/microblaze_0_axi_intc/U0/INTC_CORE_I/irq                                                                                                                                                        |                                                                                                                                                         |                7 |             32 |
|  BlockDesignArtyS7_i/clk_wiz_1/inst/clk_out1                            | BlockDesignArtyS7_i/microblaze_0_axi_periph/xbar/inst/gen_sasd.crossbar_sasd_0/addr_arbiter_inst/s_axi_rvalid[0]                                                                                                    | BlockDesignArtyS7_i/microblaze_0/U0/MicroBlaze_Core_I/sync_reset                                                                                        |               10 |             32 |
|  BlockDesignArtyS7_i/clk_wiz_1/inst/clk_out2                            | BlockDesignArtyS7_i/PulseIP_0/U0/PulseIP_v1_0_S00_AXI_inst/PulseDetect_0/pulseCntSig[0]_i_1_n_0                                                                                                                     | BlockDesignArtyS7_i/PulseIP_0/U0/PulseIP_v1_0_S00_AXI_inst/PulseDetect_0/Pulse_Dly0_i_1_n_0                                                             |                9 |             32 |
|  BlockDesignArtyS7_i/clk_wiz_1/inst/clk_out2                            | BlockDesignArtyS7_i/PulseIP_0/U0/PulseIP_v1_0_S00_AXI_inst/PulseDetect_0/pulseCnt[31]_i_1_n_0                                                                                                                       |                                                                                                                                                         |                9 |             32 |
|  BlockDesignArtyS7_i/clk_wiz_1/inst/clk_out1                            | BlockDesignArtyS7_i/microblaze_0/U0/MicroBlaze_Core_I/Performance.Core/Use_Debug_Logic.Master_Core.Debug_Perf/data_rd_reg[0]_i_1_n_0                                                                                | BlockDesignArtyS7_i/microblaze_0/U0/MicroBlaze_Core_I/sync_reset                                                                                        |               10 |             32 |
|  BlockDesignArtyS7_i/clk_wiz_1/inst/clk_out1                            | BlockDesignArtyS7_i/microblaze_0/U0/MicroBlaze_Core_I/Performance.Core/Decode_I/PreFetch_Buffer_I1/Gen_Mux_Select_LUT6[2].Gen_Sel_DFF/if_fetch_in_progress_reg_1[0]                                                 | BlockDesignArtyS7_i/microblaze_0/U0/MicroBlaze_Core_I/sync_reset                                                                                        |                8 |             32 |
|  BlockDesignArtyS7_i/clk_wiz_1/inst/clk_out1                            |                                                                                                                                                                                                                     | BlockDesignArtyS7_i/microblaze_0/U0/MicroBlaze_Core_I/Performance.Core/p_1_out                                                                          |                8 |             32 |
|  BlockDesignArtyS7_i/clk_wiz_1/inst/clk_out1                            | BlockDesignArtyS7_i/PulseIP_0/U0/PulseIP_v1_0_S00_AXI_inst/slv_reg_rden                                                                                                                                             | BlockDesignArtyS7_i/PulseIP_0/U0/PulseIP_v1_0_S00_AXI_inst/p_0_in                                                                                       |               12 |             32 |
|  BlockDesignArtyS7_i/mdm_0/U0/No_Dbg_Reg_Access.BUFG_DRCK/Ext_JTAG_DRCK | BlockDesignArtyS7_i/microblaze_0/U0/MicroBlaze_Core_I/Performance.Core/Use_Debug_Logic.Master_Core.Debug_Perf/New_Dbg_Instr_TCK                                                                                     |                                                                                                                                                         |               10 |             32 |
|  BlockDesignArtyS7_i/clk_wiz_1/inst/clk_out1                            | BlockDesignArtyS7_i/microblaze_0_axi_periph/xbar/inst/gen_sasd.crossbar_sasd_0/addr_arbiter_inst/E[0]                                                                                                               |                                                                                                                                                         |                9 |             33 |
|  BlockDesignArtyS7_i/clk_wiz_1/inst/clk_out1                            | BlockDesignArtyS7_i/microblaze_0/U0/MicroBlaze_Core_I/Performance.Core/Decode_I/mem_wait_on_ready_N_carry_or/MUXCY_I/lopt_1                                                                                         |                                                                                                                                                         |                8 |             34 |
|  BlockDesignArtyS7_i/mdm_0/U0/No_Dbg_Reg_Access.BUFG_DRCK/Ext_JTAG_DRCK | BlockDesignArtyS7_i/mdm_0/U0/Use_E2.BSCAN_I/Use_BSCAN.PORT_Selector_reg[0]                                                                                                                                          |                                                                                                                                                         |               12 |             47 |
|  BlockDesignArtyS7_i/clk_wiz_1/inst/clk_out1                            | BlockDesignArtyS7_i/microblaze_0_axi_intc/U0/AXI_LITE_IPIF_I/I_SLAVE_ATTACHMENT/I_DECODER/bus2ip_wrce[0]                                                                                                            |                                                                                                                                                         |                8 |             64 |
|  BlockDesignArtyS7_i/clk_wiz_1/inst/clk_out1                            | BlockDesignArtyS7_i/microblaze_0/U0/MicroBlaze_Core_I/Performance.Core/Decode_I/PreFetch_Buffer_I1/Instruction_Prefetch_Mux[42].Instr_Mux_MUXF7/Performance_Debug_Control.dbg_freeze_nohalt_reg                     |                                                                                                                                                         |               11 |             75 |
|  BlockDesignArtyS7_i/mdm_0/U0/No_Dbg_Reg_Access.BUFG_DRCK/Ext_JTAG_DRCK |                                                                                                                                                                                                                     |                                                                                                                                                         |               20 |             80 |
|  BlockDesignArtyS7_i/clk_wiz_1/inst/clk_out1                            | BlockDesignArtyS7_i/microblaze_0/U0/MicroBlaze_Core_I/Performance.Core/Decode_I/Use_MuxCy[3].OF_Piperun_Stage/MUXCY_I/Using_FPGA.Native_0                                                                           | BlockDesignArtyS7_i/microblaze_0/U0/MicroBlaze_Core_I/sync_reset                                                                                        |               24 |             84 |
|  BlockDesignArtyS7_i/clk_wiz_1/inst/clk_out1                            | BlockDesignArtyS7_i/microblaze_0/U0/MicroBlaze_Core_I/Performance.Core/Decode_I/Performance_Debug_Control.dbg_state_nohalt_reg[27]                                                                                  |                                                                                                                                                         |               16 |            128 |
|  BlockDesignArtyS7_i/clk_wiz_1/inst/clk_out1                            |                                                                                                                                                                                                                     | BlockDesignArtyS7_i/microblaze_0/U0/MicroBlaze_Core_I/sync_reset                                                                                        |               63 |            156 |
|  BlockDesignArtyS7_i/clk_wiz_1/inst/clk_out1                            |                                                                                                                                                                                                                     |                                                                                                                                                         |               62 |            201 |
|  BlockDesignArtyS7_i/clk_wiz_1/inst/clk_out1                            | BlockDesignArtyS7_i/microblaze_0/U0/MicroBlaze_Core_I/Performance.Core/Decode_I/Use_MuxCy[11].OF_Piperun_Stage/MUXCY_I/of_pause_reg                                                                                 | BlockDesignArtyS7_i/microblaze_0/U0/MicroBlaze_Core_I/sync_reset                                                                                        |               73 |            221 |
+-------------------------------------------------------------------------+---------------------------------------------------------------------------------------------------------------------------------------------------------------------------------------------------------------------+---------------------------------------------------------------------------------------------------------------------------------------------------------+------------------+----------------+


